app/build/intermediates/manifest_merge_blame_file/debug/manifest-merger-blame-debug-report.txt
1<?xml version="1.0" encoding="utf-8"?>
2<manifest xmlns:android="http://schemas.android.com/apk/res/android"
3    package="com.sabbarish.androidjcomp"
4    android:versionCode="1"
5    android:versionName="1.0" >
6
7    <uses-sdk
8        android:minSdkVersion="24"
8-->src\main\AndroidManifest.xml
9        android:targetSdkVersion="33" />
9-->src\main\AndroidManifest.xml
10
11    <uses-permission android:name="android.permission.INTERNET" />
11-->src\main\AndroidManifest.xml:5:5-67
11-->src\main\AndroidManifest.xml:5:22-64
12    <uses-permission android:name="android.permission.ACCESS_NETWORK_STATE" />
12-->[com.google.firebase:firebase-auth:22.1.0] AndroidManifest.xml:26:5-79
12-->[com.google.firebase:firebase-auth:22.1.0] AndroidManifest.xml:26:22-76
13
14    <queries>
14-->[com.razorpay:checkout:1.6.33] AndroidManifest.xml:10:5-39:15
15        <intent>
15-->[com.razorpay:checkout:1.6.33] AndroidManifest.xml:11:9-17:18
16            <action android:name="android.intent.action.VIEW" />
16-->[com.google.firebase:firebase-auth:22.1.0] AndroidManifest.xml:36:17-69
16-->[com.google.firebase:firebase-auth:22.1.0] AndroidManifest.xml:36:25-66
17
18            <data
18-->[com.google.firebase:firebase-auth:22.1.0] AndroidManifest.xml:41:17-44:51
19                android:mimeType="*/*"
20                android:scheme="*" />
20-->[com.google.firebase:firebase-auth:22.1.0] AndroidManifest.xml:44:21-48
21        </intent>
22        <intent>
22-->[com.razorpay:checkout:1.6.33] AndroidManifest.xml:18:9-27:18
23            <action android:name="android.intent.action.VIEW" />
23-->[com.google.firebase:firebase-auth:22.1.0] AndroidManifest.xml:36:17-69
23-->[com.google.firebase:firebase-auth:22.1.0] AndroidManifest.xml:36:25-66
24
25            <category android:name="android.intent.category.BROWSABLE" />
25-->[com.google.firebase:firebase-auth:22.1.0] AndroidManifest.xml:39:17-78
25-->[com.google.firebase:firebase-auth:22.1.0] AndroidManifest.xml:39:27-75
26
27            <data
27-->[com.google.firebase:firebase-auth:22.1.0] AndroidManifest.xml:41:17-44:51
28                android:host="pay"
28-->[com.google.firebase:firebase-auth:22.1.0] AndroidManifest.xml:42:21-49
29                android:mimeType="*/*"
30                android:scheme="upi" />
30-->[com.google.firebase:firebase-auth:22.1.0] AndroidManifest.xml:44:21-48
31        </intent>
32        <intent>
32-->[com.razorpay:checkout:1.6.33] AndroidManifest.xml:28:9-30:18
33            <action android:name="android.intent.action.MAIN" />
33-->src\main\AndroidManifest.xml:56:17-69
33-->src\main\AndroidManifest.xml:56:25-66
34        </intent>
35        <intent>
35-->[com.razorpay:checkout:1.6.33] AndroidManifest.xml:31:9-35:18
36            <action android:name="android.intent.action.SEND" />
36-->[com.razorpay:checkout:1.6.33] AndroidManifest.xml:32:13-65
36-->[com.razorpay:checkout:1.6.33] AndroidManifest.xml:32:21-62
37
38            <data android:mimeType="*/*" />
38-->[com.google.firebase:firebase-auth:22.1.0] AndroidManifest.xml:41:17-44:51
39        </intent>
40        <intent>
40-->[com.razorpay:checkout:1.6.33] AndroidManifest.xml:36:9-38:18
41            <action android:name="rzp.device_token.share" />
41-->[com.razorpay:checkout:1.6.33] AndroidManifest.xml:37:13-61
41-->[com.razorpay:checkout:1.6.33] AndroidManifest.xml:37:21-58
42        </intent>
43    </queries>
44
45    <uses-feature
45-->[com.google.android.gms:play-services-maps:17.0.0] AndroidManifest.xml:26:5-28:35
46        android:glEsVersion="0x00020000"
46-->[com.google.android.gms:play-services-maps:17.0.0] AndroidManifest.xml:27:9-41
47        android:required="true" />
47-->[com.google.android.gms:play-services-maps:17.0.0] AndroidManifest.xml:28:9-32
48
49    <permission
49-->[androidx.core:core:1.9.0] AndroidManifest.xml:22:5-24:47
50        android:name="com.sabbarish.androidjcomp.DYNAMIC_RECEIVER_NOT_EXPORTED_PERMISSION"
50-->[androidx.core:core:1.9.0] AndroidManifest.xml:23:9-81
51        android:protectionLevel="signature" />
51-->[androidx.core:core:1.9.0] AndroidManifest.xml:24:9-44
52
53    <uses-permission android:name="com.sabbarish.androidjcomp.DYNAMIC_RECEIVER_NOT_EXPORTED_PERMISSION" />
53-->[androidx.core:core:1.9.0] AndroidManifest.xml:26:5-97
53-->[androidx.core:core:1.9.0] AndroidManifest.xml:26:22-94
54
55    <application
55-->src\main\AndroidManifest.xml:7:5-68:19
56        android:allowBackup="true"
56-->src\main\AndroidManifest.xml:8:9-35
57        android:appComponentFactory="androidx.core.app.CoreComponentFactory"
57-->[androidx.core:core:1.9.0] AndroidManifest.xml:28:18-86
58        android:dataExtractionRules="@xml/data_extraction_rules"
58-->src\main\AndroidManifest.xml:9:9-65
59        android:debuggable="true"
60        android:extractNativeLibs="false"
61        android:fullBackupContent="@xml/backup_rules"
61-->src\main\AndroidManifest.xml:10:9-54
62        android:icon="@mipmap/ic_launcher"
62-->src\main\AndroidManifest.xml:11:9-43
63        android:label="@string/app_name"
63-->src\main\AndroidManifest.xml:12:9-41
64        android:roundIcon="@mipmap/ic_launcher_round"
64-->src\main\AndroidManifest.xml:13:9-54
65        android:supportsRtl="true"
65-->src\main\AndroidManifest.xml:14:9-35
66        android:theme="@style/Theme.AndroidJcomp" >
66-->src\main\AndroidManifest.xml:15:9-50
67        <activity
67-->src\main\AndroidManifest.xml:17:9-19:40
68            android:name="com.sabbarish.androidjcomp.CartActivity"
68-->src\main\AndroidManifest.xml:18:13-67
69            android:exported="false" />
69-->src\main\AndroidManifest.xml:19:13-37
70        <activity
70-->src\main\AndroidManifest.xml:20:9-22:40
71            android:name="com.sabbarish.androidjcomp.ItemsActivity"
71-->src\main\AndroidManifest.xml:21:13-68
72            android:exported="false" />
72-->src\main\AndroidManifest.xml:22:13-37
73        <activity
73-->src\main\AndroidManifest.xml:23:9-25:40
74            android:name="com.sabbarish.androidjcomp.PaymentActivity"
74-->src\main\AndroidManifest.xml:24:13-70
75            android:exported="false" />
75-->src\main\AndroidManifest.xml:25:13-37
76        <activity
76-->src\main\AndroidManifest.xml:26:9-29:87
77            android:name="com.sabbarish.androidjcomp.AddAddressActivity"
77-->src\main\AndroidManifest.xml:27:13-73
78            android:exported="false"
78-->src\main\AndroidManifest.xml:28:13-37
79            android:parentActivityName="com.sabbarish.androidjcomp.AddressActivity" />
79-->src\main\AndroidManifest.xml:29:13-84
80        <activity
80-->src\main\AndroidManifest.xml:30:9-33:86
81            android:name="com.sabbarish.androidjcomp.AddressActivity"
81-->src\main\AndroidManifest.xml:31:13-70
82            android:exported="false"
82-->src\main\AndroidManifest.xml:32:13-37
83            android:parentActivityName="com.sabbarish.androidjcomp.DetailActivity" />
83-->src\main\AndroidManifest.xml:33:13-83
84        <activity
84-->src\main\AndroidManifest.xml:34:9-37:84
85            android:name="com.sabbarish.androidjcomp.DetailActivity"
85-->src\main\AndroidManifest.xml:35:13-69
86            android:exported="false"
86-->src\main\AndroidManifest.xml:36:13-37
87            android:parentActivityName="com.sabbarish.androidjcomp.HomeActivity" />
87-->src\main\AndroidManifest.xml:37:13-81
88        <activity
88-->src\main\AndroidManifest.xml:38:9-40:40
89            android:name="com.sabbarish.androidjcomp.ItemActivity"
89-->src\main\AndroidManifest.xml:39:13-67
90            android:exported="false" />
90-->src\main\AndroidManifest.xml:40:13-37
91        <activity
91-->src\main\AndroidManifest.xml:41:9-43:40
92            android:name="com.sabbarish.androidjcomp.HomeActivity"
92-->src\main\AndroidManifest.xml:42:13-67
93            android:exported="false" />
93-->src\main\AndroidManifest.xml:43:13-37
94        <activity
94-->src\main\AndroidManifest.xml:44:9-47:84
95            android:name="com.sabbarish.androidjcomp.RegisterActivity"
95-->src\main\AndroidManifest.xml:45:13-71
96            android:exported="false"
96-->src\main\AndroidManifest.xml:46:13-37
97            android:parentActivityName="com.sabbarish.androidjcomp.MainActivity" />
97-->src\main\AndroidManifest.xml:47:13-81
98        <activity
98-->src\main\AndroidManifest.xml:48:9-51:84
99            android:name="com.sabbarish.androidjcomp.LoginActivity"
99-->src\main\AndroidManifest.xml:49:13-68
100            android:exported="false"
100-->src\main\AndroidManifest.xml:50:13-37
101            android:parentActivityName="com.sabbarish.androidjcomp.MainActivity" />
101-->src\main\AndroidManifest.xml:51:13-81
102        <activity
102-->src\main\AndroidManifest.xml:52:9-60:20
103            android:name="com.sabbarish.androidjcomp.SplashScreenActivity"
103-->src\main\AndroidManifest.xml:53:13-75
104            android:exported="true" >
104-->src\main\AndroidManifest.xml:54:13-36
105            <intent-filter>
105-->src\main\AndroidManifest.xml:55:13-59:29
106                <action android:name="android.intent.action.MAIN" />
106-->src\main\AndroidManifest.xml:56:17-69
106-->src\main\AndroidManifest.xml:56:25-66
107
108                <category android:name="android.intent.category.LAUNCHER" />
108-->src\main\AndroidManifest.xml:58:17-77
108-->src\main\AndroidManifest.xml:58:27-74
109            </intent-filter>
110        </activity>
111        <activity
111-->src\main\AndroidManifest.xml:61:9-63:40
112            android:name="com.sabbarish.androidjcomp.MainActivity"
112-->src\main\AndroidManifest.xml:62:13-67
113            android:exported="false" />
113-->src\main\AndroidManifest.xml:63:13-37
114
115        <meta-data
115-->src\main\AndroidManifest.xml:65:9-67:55
116            android:name="com.razorpay.ApiKey"
116-->src\main\AndroidManifest.xml:66:13-47
117            android:value="rzp_test_ZgUvwerD26fi5N" />
117-->src\main\AndroidManifest.xml:67:13-52
118
119        <activity
119-->[com.google.firebase:firebase-auth:22.1.0] AndroidManifest.xml:29:9-46:20
120            android:name="com.google.firebase.auth.internal.GenericIdpActivity"
120-->[com.google.firebase:firebase-auth:22.1.0] AndroidManifest.xml:30:13-80
121            android:excludeFromRecents="true"
121-->[com.google.firebase:firebase-auth:22.1.0] AndroidManifest.xml:31:13-46
122            android:exported="true"
122-->[com.google.firebase:firebase-auth:22.1.0] AndroidManifest.xml:32:13-36
123            android:launchMode="singleTask"
123-->[com.google.firebase:firebase-auth:22.1.0] AndroidManifest.xml:33:13-44
124            android:theme="@android:style/Theme.Translucent.NoTitleBar" >
124-->[com.google.firebase:firebase-auth:22.1.0] AndroidManifest.xml:34:13-72
125            <intent-filter>
125-->[com.google.firebase:firebase-auth:22.1.0] AndroidManifest.xml:35:13-45:29
126                <action android:name="android.intent.action.VIEW" />
126-->[com.google.firebase:firebase-auth:22.1.0] AndroidManifest.xml:36:17-69
126-->[com.google.firebase:firebase-auth:22.1.0] AndroidManifest.xml:36:25-66
127
128                <category android:name="android.intent.category.DEFAULT" />
128-->[com.google.firebase:firebase-auth:22.1.0] AndroidManifest.xml:38:17-76
128-->[com.google.firebase:firebase-auth:22.1.0] AndroidManifest.xml:38:27-73
129                <category android:name="android.intent.category.BROWSABLE" />
129-->[com.google.firebase:firebase-auth:22.1.0] AndroidManifest.xml:39:17-78
129-->[com.google.firebase:firebase-auth:22.1.0] AndroidManifest.xml:39:27-75
130
131                <data
131-->[com.google.firebase:firebase-auth:22.1.0] AndroidManifest.xml:41:17-44:51
132                    android:host="firebase.auth"
132-->[com.google.firebase:firebase-auth:22.1.0] AndroidManifest.xml:42:21-49
133                    android:path="/"
133-->[com.google.firebase:firebase-auth:22.1.0] AndroidManifest.xml:43:21-37
134                    android:scheme="genericidp" />
134-->[com.google.firebase:firebase-auth:22.1.0] AndroidManifest.xml:44:21-48
135            </intent-filter>
136        </activity>
137        <activity
137-->[com.google.firebase:firebase-auth:22.1.0] AndroidManifest.xml:47:9-64:20
138            android:name="com.google.firebase.auth.internal.RecaptchaActivity"
138-->[com.google.firebase:firebase-auth:22.1.0] AndroidManifest.xml:48:13-79
139            android:excludeFromRecents="true"
139-->[com.google.firebase:firebase-auth:22.1.0] AndroidManifest.xml:49:13-46
140            android:exported="true"
140-->[com.google.firebase:firebase-auth:22.1.0] AndroidManifest.xml:50:13-36
141            android:launchMode="singleTask"
141-->[com.google.firebase:firebase-auth:22.1.0] AndroidManifest.xml:51:13-44
142            android:theme="@android:style/Theme.Translucent.NoTitleBar" >
142-->[com.google.firebase:firebase-auth:22.1.0] AndroidManifest.xml:52:13-72
143            <intent-filter>
143-->[com.google.firebase:firebase-auth:22.1.0] AndroidManifest.xml:53:13-63:29
144                <action android:name="android.intent.action.VIEW" />
144-->[com.google.firebase:firebase-auth:22.1.0] AndroidManifest.xml:36:17-69
144-->[com.google.firebase:firebase-auth:22.1.0] AndroidManifest.xml:36:25-66
145
146                <category android:name="android.intent.category.DEFAULT" />
146-->[com.google.firebase:firebase-auth:22.1.0] AndroidManifest.xml:38:17-76
146-->[com.google.firebase:firebase-auth:22.1.0] AndroidManifest.xml:38:27-73
147                <category android:name="android.intent.category.BROWSABLE" />
147-->[com.google.firebase:firebase-auth:22.1.0] AndroidManifest.xml:39:17-78
147-->[com.google.firebase:firebase-auth:22.1.0] AndroidManifest.xml:39:27-75
148
149                <data
149-->[com.google.firebase:firebase-auth:22.1.0] AndroidManifest.xml:41:17-44:51
150                    android:host="firebase.auth"
150-->[com.google.firebase:firebase-auth:22.1.0] AndroidManifest.xml:42:21-49
151                    android:path="/"
151-->[com.google.firebase:firebase-auth:22.1.0] AndroidManifest.xml:43:21-37
152                    android:scheme="recaptcha" />
152-->[com.google.firebase:firebase-auth:22.1.0] AndroidManifest.xml:44:21-48
153            </intent-filter>
154        </activity>
155
156        <service
156-->[com.google.firebase:firebase-auth:22.1.0] AndroidManifest.xml:66:9-72:19
157            android:name="com.google.firebase.components.ComponentDiscoveryService"
157-->[com.google.firebase:firebase-auth:22.1.0] AndroidManifest.xml:67:13-84
158            android:directBootAware="true"
158-->[com.google.firebase:firebase-common:20.3.3] AndroidManifest.xml:34:13-43
159            android:exported="false" >
159-->[com.google.firebase:firebase-auth:22.1.0] AndroidManifest.xml:68:13-37
160            <meta-data
160-->[com.google.firebase:firebase-auth:22.1.0] AndroidManifest.xml:69:13-71:85
161                android:name="com.google.firebase.components:com.google.firebase.auth.FirebaseAuthRegistrar"
161-->[com.google.firebase:firebase-auth:22.1.0] AndroidManifest.xml:70:17-109
162                android:value="com.google.firebase.components.ComponentRegistrar" />
162-->[com.google.firebase:firebase-auth:22.1.0] AndroidManifest.xml:71:17-82
163            <meta-data
163-->[com.google.firebase:firebase-firestore-ktx:24.7.0] AndroidManifest.xml:14:13-16:85
164                android:name="com.google.firebase.components:com.google.firebase.firestore.ktx.FirebaseFirestoreKtxRegistrar"
164-->[com.google.firebase:firebase-firestore-ktx:24.7.0] AndroidManifest.xml:15:17-126
165                android:value="com.google.firebase.components.ComponentRegistrar" />
165-->[com.google.firebase:firebase-firestore-ktx:24.7.0] AndroidManifest.xml:16:17-82
166            <meta-data
166-->[com.google.firebase:firebase-firestore:24.7.0] AndroidManifest.xml:19:13-21:85
167                android:name="com.google.firebase.components:com.google.firebase.firestore.FirestoreRegistrar"
167-->[com.google.firebase:firebase-firestore:24.7.0] AndroidManifest.xml:20:17-111
168                android:value="com.google.firebase.components.ComponentRegistrar" />
168-->[com.google.firebase:firebase-firestore:24.7.0] AndroidManifest.xml:21:17-82
169            <meta-data
169-->[com.google.firebase:firebase-common-ktx:20.3.3] AndroidManifest.xml:14:13-16:85
170                android:name="com.google.firebase.components:com.google.firebase.ktx.FirebaseCommonKtxRegistrar"
170-->[com.google.firebase:firebase-common-ktx:20.3.3] AndroidManifest.xml:15:17-113
171                android:value="com.google.firebase.components.ComponentRegistrar" />
171-->[com.google.firebase:firebase-common-ktx:20.3.3] AndroidManifest.xml:16:17-82
172        </service>
173
174        <receiver
174-->[com.razorpay:checkout:1.6.33] AndroidManifest.xml:42:9-49:20
175            android:name="com.razorpay.RzpTokenReceiver"
175-->[com.razorpay:checkout:1.6.33] AndroidManifest.xml:43:13-57
176            android:exported="true" >
176-->[com.razorpay:checkout:1.6.33] AndroidManifest.xml:44:13-36
177            <intent-filter>
177-->[com.razorpay:checkout:1.6.33] AndroidManifest.xml:46:13-48:29
178                <action android:name="rzp.device_token.share" />
178-->[com.razorpay:checkout:1.6.33] AndroidManifest.xml:37:13-61
178-->[com.razorpay:checkout:1.6.33] AndroidManifest.xml:37:21-58
179            </intent-filter>
180        </receiver>
181
182        <activity
182-->[com.razorpay:checkout:1.6.33] AndroidManifest.xml:51:9-59:20
183            android:name="com.razorpay.CheckoutActivity"
183-->[com.razorpay:checkout:1.6.33] AndroidManifest.xml:52:13-57
184            android:configChanges="keyboard|keyboardHidden|orientation|screenSize"
184-->[com.razorpay:checkout:1.6.33] AndroidManifest.xml:53:13-83
185            android:exported="true"
185-->[com.razorpay:checkout:1.6.33] AndroidManifest.xml:54:13-36
186            android:theme="@style/CheckoutTheme" >
186-->[com.razorpay:checkout:1.6.33] AndroidManifest.xml:55:13-49
187            <intent-filter>
187-->[com.razorpay:checkout:1.6.33] AndroidManifest.xml:56:13-58:29
188                <action android:name="android.intent.action.MAIN" />
188-->src\main\AndroidManifest.xml:56:17-69
188-->src\main\AndroidManifest.xml:56:25-66
189            </intent-filter>
190        </activity>
191
192        <meta-data
192-->[com.razorpay:checkout:1.6.33] AndroidManifest.xml:61:9-63:58
193            android:name="com.razorpay.plugin.googlepay_all"
193-->[com.razorpay:checkout:1.6.33] AndroidManifest.xml:62:13-61
194            android:value="com.razorpay.RzpGpayMerged" />
194-->[com.razorpay:checkout:1.6.33] AndroidManifest.xml:63:13-55
195
196        <provider
196-->[com.google.firebase:firebase-common:20.3.3] AndroidManifest.xml:25:9-30:39
197            android:name="com.google.firebase.provider.FirebaseInitProvider"
197-->[com.google.firebase:firebase-common:20.3.3] AndroidManifest.xml:26:13-77
198            android:authorities="com.sabbarish.androidjcomp.firebaseinitprovider"
198-->[com.google.firebase:firebase-common:20.3.3] AndroidManifest.xml:27:13-72
199            android:directBootAware="true"
199-->[com.google.firebase:firebase-common:20.3.3] AndroidManifest.xml:28:13-43
200            android:exported="false"
200-->[com.google.firebase:firebase-common:20.3.3] AndroidManifest.xml:29:13-37
201            android:initOrder="100" />
201-->[com.google.firebase:firebase-common:20.3.3] AndroidManifest.xml:30:13-36
202
203        <activity
203-->[com.google.android.gms:play-services-auth:17.0.0] AndroidManifest.xml:23:9-27:75
204            android:name="com.google.android.gms.auth.api.signin.internal.SignInHubActivity"
204-->[com.google.android.gms:play-services-auth:17.0.0] AndroidManifest.xml:24:13-93
205            android:excludeFromRecents="true"
205-->[com.google.android.gms:play-services-auth:17.0.0] AndroidManifest.xml:25:13-46
206            android:exported="false"
206-->[com.google.android.gms:play-services-auth:17.0.0] AndroidManifest.xml:26:13-37
207            android:theme="@android:style/Theme.Translucent.NoTitleBar" />
207-->[com.google.android.gms:play-services-auth:17.0.0] AndroidManifest.xml:27:13-72
208        <!--
209            Service handling Google Sign-In user revocation. For apps that do not integrate with
210            Google Sign-In, this service will never be started.
211        -->
212        <service
212-->[com.google.android.gms:play-services-auth:17.0.0] AndroidManifest.xml:33:9-36:110
213            android:name="com.google.android.gms.auth.api.signin.RevocationBoundService"
213-->[com.google.android.gms:play-services-auth:17.0.0] AndroidManifest.xml:34:13-89
214            android:exported="true"
214-->[com.google.android.gms:play-services-auth:17.0.0] AndroidManifest.xml:35:13-36
215            android:permission="com.google.android.gms.auth.api.signin.permission.REVOCATION_NOTIFICATION" /> <!-- Needs to be explicitly declared on P+ -->
215-->[com.google.android.gms:play-services-auth:17.0.0] AndroidManifest.xml:36:13-107
216        <uses-library
216-->[com.google.android.gms:play-services-maps:17.0.0] AndroidManifest.xml:33:9-35:40
217            android:name="org.apache.http.legacy"
217-->[com.google.android.gms:play-services-maps:17.0.0] AndroidManifest.xml:34:13-50
218            android:required="false" />
218-->[com.google.android.gms:play-services-maps:17.0.0] AndroidManifest.xml:35:13-37
219
220        <activity
220-->[com.google.android.gms:play-services-base:18.0.1] AndroidManifest.xml:20:9-22:45
221            android:name="com.google.android.gms.common.api.GoogleApiActivity"
221-->[com.google.android.gms:play-services-base:18.0.1] AndroidManifest.xml:20:19-85
222            android:exported="false"
222-->[com.google.android.gms:play-services-base:18.0.1] AndroidManifest.xml:22:19-43
223            android:theme="@android:style/Theme.Translucent.NoTitleBar" />
223-->[com.google.android.gms:play-services-base:18.0.1] AndroidManifest.xml:21:19-78
224
225        <meta-data
225-->[com.google.android.gms:play-services-basement:18.1.0] AndroidManifest.xml:21:9-23:69
226            android:name="com.google.android.gms.version"
226-->[com.google.android.gms:play-services-basement:18.1.0] AndroidManifest.xml:22:13-58
227            android:value="@integer/google_play_services_version" />
227-->[com.google.android.gms:play-services-basement:18.1.0] AndroidManifest.xml:23:13-66
228
229        <provider
229-->[androidx.emoji2:emoji2:1.2.0] AndroidManifest.xml:24:9-32:20
230            android:name="androidx.startup.InitializationProvider"
230-->[androidx.emoji2:emoji2:1.2.0] AndroidManifest.xml:25:13-67
231            android:authorities="com.sabbarish.androidjcomp.androidx-startup"
231-->[androidx.emoji2:emoji2:1.2.0] AndroidManifest.xml:26:13-68
232            android:exported="false" >
232-->[androidx.emoji2:emoji2:1.2.0] AndroidManifest.xml:27:13-37
233            <meta-data
233-->[androidx.emoji2:emoji2:1.2.0] AndroidManifest.xml:29:13-31:52
234                android:name="androidx.emoji2.text.EmojiCompatInitializer"
234-->[androidx.emoji2:emoji2:1.2.0] AndroidManifest.xml:30:17-75
235                android:value="androidx.startup" />
235-->[androidx.emoji2:emoji2:1.2.0] AndroidManifest.xml:31:17-49
236            <meta-data
236-->[androidx.lifecycle:lifecycle-process:2.4.1] AndroidManifest.xml:31:13-33:52
237                android:name="androidx.lifecycle.ProcessLifecycleInitializer"
237-->[androidx.lifecycle:lifecycle-process:2.4.1] AndroidManifest.xml:32:17-78
238                android:value="androidx.startup" />
238-->[androidx.lifecycle:lifecycle-process:2.4.1] AndroidManifest.xml:33:17-49
239        </provider>
240    </application>
241
242</manifest>